<?xml version="1.0" encoding="UTF-8"?>
<!-- Generated by org.testng.reporters.JUnitReportReporter -->
<testsuite hostname="Babu" failures="0" tests="4" name="com.test.maven.Xpath" time="38.455" errors="0" timestamp="2022-05-19T10:53:24 IST" skipped="0">
  <testcase classname="com.test.maven.Xpath" name="validateURLandTitle" time="21.374"/>
  <system-out/>
  <testcase classname="com.test.maven.Xpath" name="validateRegisterLabels" time="0.733"/>
  <system-out/>
  <testcase classname="com.test.maven.Xpath" name="checkRefreshButton" time="10.327"/>
  <system-out/>
  <testcase classname="com.test.maven.Xpath" name="submitRegister" time="6.021"/>
  <system-out/>
</testsuite> <!-- com.test.maven.Xpath -->
