<?xml version="1.0" encoding="UTF-8"?>
<!-- Generated by org.testng.reporters.JUnitReportReporter -->
<testsuite hostname="Babu" failures="0" tests="4" name="com.test.maven.DemoSiteRegister" time="2.690" errors="0" timestamp="2022-05-24T08:58:09 IST" skipped="1">
  <testcase classname="com.test.maven.DemoSiteRegister" name="validateURLandTitle" time="0.034"/>
  <system-out/>
  <testcase classname="com.test.maven.DemoSiteRegister" name="validateRegisterLabelsAndOthers" time="0.445"/>
  <system-out/>
  <testcase classname="com.test.maven.DemoSiteRegister" name="resetRegistration" time="2.211"/>
  <system-out/>
  <testcase classname="com.test.maven.DemoSiteRegister" name="createNewUser">
    <skipped/>
  </testcase> <!-- createNewUser -->
  <system-out/>
</testsuite> <!-- com.test.maven.DemoSiteRegister -->
