<?xml version="1.0" encoding="UTF-8"?>
<!-- Generated by org.testng.reporters.JUnitReportReporter -->
<testsuite hostname="Babu" failures="0" tests="1" name="com.test.maven.AutoDemoSite" time="16.527" errors="0" timestamp="2022-05-19T15:32:07 IST" skipped="0">
  <testcase classname="com.test.maven.AutoDemoSite" name="validateURLandTitle" time="16.527"/>
  <system-out/>
</testsuite> <!-- com.test.maven.AutoDemoSite -->
